[0m16:32:11.217237 [debug] [MainThread]: Sending event: {'category': 'dbt', 'action': 'invocation', 'label': 'start', 'context': [<snowplow_tracker.self_describing_json.SelfDescribingJson object at 0x7f20f44f1840>, <snowplow_tracker.self_describing_json.SelfDescribingJson object at 0x7f20f48685e0>, <snowplow_tracker.self_describing_json.SelfDescribingJson object at 0x7f20f4868640>]}


============================== 16:32:11.253399 | 9bf431e0-8dfe-41f6-be10-97e6bf9ff597 ==============================
[0m16:32:11.253399 [info ] [MainThread]: Running with dbt=1.8.5
[0m16:32:11.261244 [debug] [MainThread]: running dbt with arguments {'printer_width': '80', 'indirect_selection': 'eager', 'write_json': 'True', 'log_cache_events': 'False', 'partial_parse': 'True', 'cache_selected_only': 'False', 'profiles_dir': '/home/jdada/.dbt', 'fail_fast': 'False', 'warn_error': 'None', 'log_path': 'logs', 'version_check': 'True', 'debug': 'False', 'use_colors': 'True', 'use_experimental_parser': 'False', 'empty': 'None', 'quiet': 'False', 'no_print': 'None', 'warn_error_options': 'WarnErrorOptions(include=[], exclude=[])', 'static_parser': 'True', 'introspect': 'True', 'log_format': 'default', 'target_path': 'None', 'invocation_command': 'dbt init', 'send_anonymous_usage_stats': 'True'}
[0m16:33:55.150567 [debug] [MainThread]: Starter project path: /mnt/c/Users/jdada/OneDrive/Documents/Data Engineer/dbt_venv/lib/python3.10/site-packages/dbt/include/starter_project
[0m16:33:56.013115 [info ] [MainThread]: 
Your new dbt project "de_capstone_project" was created!

For more information on how to configure the profiles.yml file,
please consult the dbt documentation here:

  https://docs.getdbt.com/docs/configure-your-profile

One more thing:

Need help? Don't hesitate to reach out to us via GitHub issues or on Slack:

  https://community.getdbt.com/

Happy modeling!

[0m16:33:56.018896 [info ] [MainThread]: Setting up your profile.
[0m16:38:46.053268 [info ] [MainThread]: Profile de_capstone_project written to /home/jdada/.dbt/profiles.yml using target's profile_template.yml and your supplied values. Run 'dbt debug' to validate the connection.
[0m16:38:46.088635 [debug] [MainThread]: Resource report: {"command_name": "init", "command_success": true, "command_wall_clock_time": 395.4538, "process_user_time": 9.34913, "process_kernel_time": 4.830383, "process_mem_max_rss": "201232", "process_in_blocks": "138464", "process_out_blocks": "8"}
[0m16:38:46.103285 [debug] [MainThread]: Command `dbt init` succeeded at 16:38:46.101229 after 395.47 seconds
[0m16:38:46.107651 [debug] [MainThread]: Sending event: {'category': 'dbt', 'action': 'invocation', 'label': 'end', 'context': [<snowplow_tracker.self_describing_json.SelfDescribingJson object at 0x7f20f44f1840>, <snowplow_tracker.self_describing_json.SelfDescribingJson object at 0x7f20f4844ac0>, <snowplow_tracker.self_describing_json.SelfDescribingJson object at 0x7f20f4868490>]}
[0m16:38:46.113060 [debug] [MainThread]: Flushing usage events
[0m16:39:27.805060 [debug] [MainThread]: Sending event: {'category': 'dbt', 'action': 'invocation', 'label': 'start', 'context': [<snowplow_tracker.self_describing_json.SelfDescribingJson object at 0x7f60952119c0>, <snowplow_tracker.self_describing_json.SelfDescribingJson object at 0x7f60937b04c0>, <snowplow_tracker.self_describing_json.SelfDescribingJson object at 0x7f60937b0520>]}


============================== 16:39:27.866725 | 7bb77c16-4b61-4194-8325-e662b43d7436 ==============================
[0m16:39:27.866725 [info ] [MainThread]: Running with dbt=1.8.5
[0m16:39:27.871094 [debug] [MainThread]: running dbt with arguments {'printer_width': '80', 'indirect_selection': 'eager', 'write_json': 'True', 'log_cache_events': 'False', 'partial_parse': 'True', 'cache_selected_only': 'False', 'warn_error': 'None', 'debug': 'False', 'version_check': 'True', 'log_path': 'logs', 'fail_fast': 'False', 'profiles_dir': '/home/jdada/.dbt', 'use_colors': 'True', 'use_experimental_parser': 'False', 'empty': 'None', 'quiet': 'False', 'no_print': 'None', 'log_format': 'default', 'static_parser': 'True', 'introspect': 'True', 'warn_error_options': 'WarnErrorOptions(include=[], exclude=[])', 'target_path': 'None', 'invocation_command': 'dbt debug', 'send_anonymous_usage_stats': 'True'}
[0m16:39:28.473143 [info ] [MainThread]: dbt version: 1.8.5
[0m16:39:28.477140 [info ] [MainThread]: python version: 3.10.12
[0m16:39:28.479039 [info ] [MainThread]: python path: /mnt/c/Users/jdada/OneDrive/Documents/Data Engineer/dbt_venv/bin/python
[0m16:39:28.481589 [info ] [MainThread]: os info: Linux-5.15.153.1-microsoft-standard-WSL2-x86_64-with-glibc2.35
[0m16:39:28.513269 [info ] [MainThread]: Error importing adapter: No module named 'dbt.adapters.snowflake'
[0m16:39:52.502718 [info ] [MainThread]: Using profiles dir at /home/jdada/.dbt
[0m16:39:52.505338 [info ] [MainThread]: Using profiles.yml file at /home/jdada/.dbt/profiles.yml
[0m16:39:52.509595 [info ] [MainThread]: Using dbt_project.yml file at /mnt/c/Users/jdada/OneDrive/Documents/Data Engineer/dbt_project.yml
[0m16:39:52.511717 [info ] [MainThread]: Configuration:
[0m16:39:52.514540 [info ] [MainThread]:   profiles.yml file [[31mERROR invalid[0m]
[0m16:39:52.620229 [info ] [MainThread]:   dbt_project.yml file [[31mERROR not found[0m]
[0m16:39:52.686256 [info ] [MainThread]: Required dependencies:
[0m16:39:52.733041 [debug] [MainThread]: Executing "git --help"
[0m16:39:52.771820 [debug] [MainThread]: STDOUT: "b"usage: git [--version] [--help] [-C <path>] [-c <name>=<value>]\n           [--exec-path[=<path>]] [--html-path] [--man-path] [--info-path]\n           [-p | --paginate | -P | --no-pager] [--no-replace-objects] [--bare]\n           [--git-dir=<path>] [--work-tree=<path>] [--namespace=<name>]\n           [--super-prefix=<path>] [--config-env=<name>=<envvar>]\n           <command> [<args>]\n\nThese are common Git commands used in various situations:\n\nstart a working area (see also: git help tutorial)\n   clone     Clone a repository into a new directory\n   init      Create an empty Git repository or reinitialize an existing one\n\nwork on the current change (see also: git help everyday)\n   add       Add file contents to the index\n   mv        Move or rename a file, a directory, or a symlink\n   restore   Restore working tree files\n   rm        Remove files from the working tree and from the index\n\nexamine the history and state (see also: git help revisions)\n   bisect    Use binary search to find the commit that introduced a bug\n   diff      Show changes between commits, commit and working tree, etc\n   grep      Print lines matching a pattern\n   log       Show commit logs\n   show      Show various types of objects\n   status    Show the working tree status\n\ngrow, mark and tweak your common history\n   branch    List, create, or delete branches\n   commit    Record changes to the repository\n   merge     Join two or more development histories together\n   rebase    Reapply commits on top of another base tip\n   reset     Reset current HEAD to the specified state\n   switch    Switch branches\n   tag       Create, list, delete or verify a tag object signed with GPG\n\ncollaborate (see also: git help workflows)\n   fetch     Download objects and refs from another repository\n   pull      Fetch from and integrate with another repository or a local branch\n   push      Update remote refs along with associated objects\n\n'git help -a' and 'git help -g' list available subcommands and some\nconcept guides. See 'git help <command>' or 'git help <concept>'\nto read about a specific subcommand or concept.\nSee 'git help git' for an overview of the system.\n""
[0m16:39:52.775800 [debug] [MainThread]: STDERR: "b''"
[0m16:39:52.777631 [info ] [MainThread]:  - git [[32mOK found[0m]

[0m16:39:52.779571 [info ] [MainThread]: Connection test skipped since no profile was found
[0m16:39:52.781599 [info ] [MainThread]: [31m2 checks failed:[0m
[0m16:39:52.783374 [info ] [MainThread]: Could not load dbt_project.yml
Profile loading failed for the following reason:
Runtime Error
  Credentials in profile "dbt_airflow", target "dev" invalid: Runtime Error
    Could not find adapter type snowflake!


[0m16:39:52.786021 [info ] [MainThread]: Project loading failed for the following reason:
 project path </mnt/c/Users/jdada/OneDrive/Documents/Data Engineer/dbt_project.yml> not found

[0m16:39:52.798326 [debug] [MainThread]: Resource report: {"command_name": "debug", "command_wall_clock_time": 25.412178, "process_user_time": 5.437277, "process_kernel_time": 3.035726, "process_mem_max_rss": "202244", "process_in_blocks": "138400", "command_success": false, "process_out_blocks": "0"}
[0m16:39:52.800771 [debug] [MainThread]: Command `dbt debug` failed at 16:39:52.800534 after 25.41 seconds
[0m16:39:52.805028 [debug] [MainThread]: Sending event: {'category': 'dbt', 'action': 'invocation', 'label': 'end', 'context': [<snowplow_tracker.self_describing_json.SelfDescribingJson object at 0x7f60952119c0>, <snowplow_tracker.self_describing_json.SelfDescribingJson object at 0x7f6093bbd390>, <snowplow_tracker.self_describing_json.SelfDescribingJson object at 0x7f6093bbdd80>]}
[0m16:39:52.808807 [debug] [MainThread]: Flushing usage events
